<?xml version="1.0" encoding="UTF-8"?>
<!-- Generated by org.testng.reporters.JUnitReportReporter -->
<testsuite hostname="mahipal-VAIO" name="sampleMaven.Draggable_Program" tests="1" failures="0" timestamp="2 Mar 2016 09:55:32 GMT" time="24.574" errors="0">
  <testcase name="testDraggable_Program" time="24.574" classname="sampleMaven.Draggable_Program"/>
</testsuite> <!-- sampleMaven.Draggable_Program -->
