<?xml version="1.0" encoding="UTF-8"?>
<!-- Generated by org.testng.reporters.JUnitReportReporter -->
<testsuite hostname="mahipal-VAIO" name="sampleMaven.Selenium_Maven_Program" tests="1" failures="0" timestamp="2 Mar 2016 09:55:32 GMT" time="18.290" errors="0">
  <testcase name="f" time="18.290" classname="sampleMaven.Selenium_Maven_Program"/>
</testsuite> <!-- sampleMaven.Selenium_Maven_Program -->
