<?xml version="1.0" encoding="UTF-8"?>
<!-- Generated by org.testng.reporters.JUnitReportReporter -->
<testsuite hostname="mahipal-VAIO" name="sampleMaven.HandlingAlert_test" tests="1" failures="0" timestamp="2 Mar 2016 09:55:32 GMT" time="19.926" errors="0">
  <testcase name="testHandlingAlert_test" time="19.926" classname="sampleMaven.HandlingAlert_test"/>
</testsuite> <!-- sampleMaven.HandlingAlert_test -->
