<?xml version="1.0" encoding="UTF-8"?>
<!-- Generated by org.testng.reporters.JUnitReportReporter -->
<testsuite hostname="mahipal-VAIO" name="sampleMaven.Selenium_Maven_Program" tests="1" failures="0" timestamp="25 Feb 2016 16:52:47 GMT" time="14.638" errors="0">
  <testcase name="f" time="14.638" classname="sampleMaven.Selenium_Maven_Program"/>
</testsuite> <!-- sampleMaven.Selenium_Maven_Program -->
