<?xml version="1.0" encoding="UTF-8"?>
<!-- Generated by org.testng.reporters.JUnitReportReporter -->
<testsuite hostname="mahipal-VAIO" name="sampleMaven.Draggable_Program" tests="1" failures="0" timestamp="25 Feb 2016 16:52:47 GMT" time="11.051" errors="0">
  <testcase name="testDraggable_Program" time="11.051" classname="sampleMaven.Draggable_Program"/>
</testsuite> <!-- sampleMaven.Draggable_Program -->
