<?xml version="1.0" encoding="UTF-8"?>
<!-- Generated by org.testng.reporters.JUnitReportReporter -->
<testsuite hostname="mahipal-VAIO" name="sampleMaven.HandlingAlert_test" tests="1" failures="0" timestamp="25 Feb 2016 16:52:47 GMT" time="17.458" errors="0">
  <testcase name="testHandlingAlert_test" time="17.458" classname="sampleMaven.HandlingAlert_test"/>
</testsuite> <!-- sampleMaven.HandlingAlert_test -->
